<?xml version="1.0" encoding="UTF-8"?>
<!-- Generated by org.testng.reporters.JUnitXMLReporter -->
<testsuite ignored="0" hostname="DESKTOP-BPQODCE" failures="0" tests="3" name="FileUploaderTests" time="17.72" errors="0" timestamp="2024-03-24T22:28:39 CET">
  <testcase classname="com.fileuploadertest.FileUploaderTests" name="fileUploaderTest" time="3.222"/>
  <testcase classname="com.fileuploadertest.FileUploaderTests" name="fileUploaderTest" time="2.992"/>
  <testcase classname="com.fileuploadertest.FileUploaderTests" name="fileUploaderTest" time="3.24"/>
</testsuite> <!-- FileUploaderTests -->
