<?xml version="1.0" encoding="UTF-8"?>
<!-- Generated by org.testng.reporters.JUnitXMLReporter -->
<testsuite ignored="0" hostname="DESKTOP-BPQODCE" failures="0" tests="3" name="AlertesTests" time="15.206" errors="0" timestamp="2024-03-26T16:28:53 CET">
  <testcase classname="com.alertestest.AlertesTests" name="jsAlertesTest" time="2.425"/>
  <testcase classname="com.alertestest.AlertesTests" name="jsDismissTest" time="2.29"/>
  <testcase classname="com.alertestest.AlertesTests" name="jsPrompTest" time="2.327"/>
</testsuite> <!-- AlertesTests -->
