<?xml version="1.0" encoding="UTF-8"?>
<!-- Generated by org.testng.reporters.JUnitXMLReporter -->
<testsuite ignored="0" hostname="DESKTOP-BPQODCE" failures="0" tests="3" name="AlertesTests" time="18.166" errors="0" timestamp="2024-03-26T18:22:13 CET">
  <testcase classname="com.alertestest.AlertesTests" name="jsAlertesTest" time="4.105"/>
  <testcase classname="com.alertestest.AlertesTests" name="jsDismissTest" time="2.384"/>
  <testcase classname="com.alertestest.AlertesTests" name="jsPrompTest" time="2.487"/>
</testsuite> <!-- AlertesTests -->
