<?xml version="1.0" encoding="UTF-8"?>
<!-- Generated by org.testng.reporters.JUnitXMLReporter -->
<testsuite ignored="0" hostname="DESKTOP-BPQODCE" failures="1" tests="1" name="DragAndDropTests-FF" time="51.891" errors="0" timestamp="2024-03-24T15:37:42 CET">
  <testcase classname="com.draganddroptest.DragAndDropTests" name="dragColumAIntoColumBTest" time="46.805">
    <failure type="java.lang.AssertionError" message="Column A header should be B, but it is: A expected [true] but found [false]">
      <![CDATA[java.lang.AssertionError: Column A header should be B, but it is: A expected [true] but found [false]
at com.draganddroptest.DragAndDropTests.dragColumAIntoColumBTest(DragAndDropTests.java:24)
at java.base/java.util.ArrayList.forEach(ArrayList.java:1511)
... Removed 30 stack frames]]>
    </failure>
  </testcase> <!-- dragColumAIntoColumBTest -->
</testsuite> <!-- DragAndDropTests-FF -->
