<?xml version="1.0" encoding="UTF-8"?>
<testng-results ignored="0" total="1" passed="1" failed="0" skipped="0">
  <reporter-output>
  </reporter-output>
  <suite started-at="2024-03-28T20:32:45 CET" name="SmokeTestSuite" finished-at="2024-03-28T20:32:57 CET" duration-ms="12295">
    <groups>
    </groups>
    <test started-at="2024-03-28T20:32:45 CET" name="PositiveLoginTest" finished-at="2024-03-28T20:32:57 CET" duration-ms="12295">
      <class name="com.loginpagestest.PositiveLoginTests">
        <test-method is-config="true" signature="setUp(java.lang.reflect.Method,java.lang.String,org.testng.ITestContext)[pri:0, instance:com.loginpagestest.PositiveLoginTests@2d29b4ee]" started-at="2024-03-28T20:32:46 CET" name="setUp" finished-at="2024-03-28T20:32:52 CET" duration-ms="6654" status="PASS">
          <params>
            <param index="0">
              <value>
                <![CDATA[public void com.loginpagestest.PositiveLoginTests.logInTest()]]>
              </value>
            </param>
            <param index="1">
              <value>
                <![CDATA[chrome]]>
              </value>
            </param>
            <param index="2">
              <value>
                <![CDATA[org.testng.TestRunner@67c5ac52]]>
              </value>
            </param>
          </params>
          <reporter-output>
          </reporter-output>
        </test-method> <!-- setUp -->
        <test-method signature="logInTest()[pri:0, instance:com.loginpagestest.PositiveLoginTests@2d29b4ee]" started-at="2024-03-28T20:32:52 CET" name="logInTest" finished-at="2024-03-28T20:32:57 CET" duration-ms="4225" status="PASS">
          <reporter-output>
          </reporter-output>
        </test-method> <!-- logInTest -->
        <test-method is-config="true" signature="tearDown(org.testng.ITestResult)[pri:0, instance:com.loginpagestest.PositiveLoginTests@2d29b4ee]" started-at="2024-03-28T20:32:57 CET" name="tearDown" finished-at="2024-03-28T20:32:57 CET" duration-ms="773" status="PASS">
          <params>
            <param index="0">
              <value>
                <![CDATA[[TestResult name=logInTest status=SUCCESS method=PositiveLoginTests.logInTest()[pri:0, instance:com.loginpagestest.PositiveLoginTests@2d29b4ee] output={null}]]]>
              </value>
            </param>
          </params>
          <reporter-output>
          </reporter-output>
        </test-method> <!-- tearDown -->
      </class> <!-- com.loginpagestest.PositiveLoginTests -->
    </test> <!-- PositiveLoginTest -->
  </suite> <!-- SmokeTestSuite -->
</testng-results>
