<?xml version="1.0" encoding="UTF-8"?>
<!-- Generated by org.testng.reporters.JUnitXMLReporter -->
<testsuite ignored="0" hostname="DESKTOP-BPQODCE" failures="1" tests="1" name="EditorTests" time="9.802" errors="0" timestamp="2024-03-24T21:50:01 CET">
  <testcase classname="com.editor.EditorTests" name="editorTest" time="6.329">
    <failure type="java.lang.AssertionError" message="Editor default text is not expected. expected [Your content goes here.] but found []">
      <![CDATA[java.lang.AssertionError: Editor default text is not expected. expected [Your content goes here.] but found []
at com.editor.EditorTests.editorTest(EditorTests.java:30)
at java.base/java.util.ArrayList.forEach(ArrayList.java:1511)
... Removed 32 stack frames]]>
    </failure>
  </testcase> <!-- editorTest -->
</testsuite> <!-- EditorTests -->
