<?xml version="1.0" encoding="UTF-8"?>
<!-- Generated by org.testng.reporters.JUnitXMLReporter -->
<testsuite ignored="0" hostname="DESKTOP-BPQODCE" failures="0" tests="5" name="NegativeLogInTest-CH" time="38.187" errors="0" timestamp="2024-03-26T02:11:41 CET">
  <testcase classname="com.loginpagestest.NegativeLoginTests" name="negativeLogInTest" time="5.414"/>
  <testcase classname="com.loginpagestest.NegativeLoginTests" name="negativeLogInTest" time="3.433"/>
  <testcase classname="com.loginpagestest.NegativeLoginTests" name="negativeLogInTest" time="4.323"/>
  <testcase classname="com.loginpagestest.NegativeLoginTests" name="negativeLogInTest" time="6.099"/>
  <testcase classname="com.loginpagestest.NegativeLoginTests" name="negativeLogInTest" time="5.087"/>
</testsuite> <!-- NegativeLogInTest-CH -->
