<?xml version="1.0" encoding="UTF-8"?>
<!-- Generated by org.testng.reporters.JUnitXMLReporter -->
<testsuite ignored="1" hostname="DESKTOP-BPQODCE" failures="0" tests="1" name="KeyPressesTests-FF" time="6.811" errors="0" timestamp="2024-03-24T01:22:49 CET">
  <testcase classname="com.keypressestest.KeyPressesTests" name="keyPressesCase2Tests" time="1.69"/>
  <testcase classname="com.keypressestest.KeyPressesTests" name="keyPressesTests" time="0.0">
    <ignored/>
  </testcase> <!-- keyPressesTests -->
</testsuite> <!-- KeyPressesTests-FF -->
