<?xml version="1.0" encoding="UTF-8"?>
<!-- Generated by org.testng.reporters.JUnitXMLReporter -->
<testsuite ignored="1" hostname="DESKTOP-BPQODCE" failures="0" tests="1" name="KeyPressesTests-CH" time="5.469" errors="0" timestamp="2024-03-24T01:22:42 CET">
  <testcase classname="com.keypressestest.KeyPressesTests" name="keyPressesTests" time="2.103"/>
  <testcase classname="com.keypressestest.KeyPressesTests" name="keyPressesCase2Tests" time="0.0">
    <ignored/>
  </testcase> <!-- keyPressesCase2Tests -->
</testsuite> <!-- KeyPressesTests-CH -->
